[2023-09-05 07:19:12 : INFO] - Re_Smush_It_Task server status: Online 
[2023-09-05 07:19:16 : INFO] - 
 
[2023-09-05 07:19:16 : INFO] - Header for logs at time:  Tue, 05 Sep 2023 07:19:16 +0000 on http://localhost/SagarDhadkeTech 
[2023-09-05 07:19:16 : INFO] - WP: 6.3.1 
[2023-09-05 07:19:16 : INFO] - PHP: 8.2.4 (apache2handler, Windows NT DESKTOP-6I64348 10.0 build 19045 (Windows 10) AMD64) 
[2023-09-05 07:19:16 : INFO] - MySQL: 10.4.28 
[2023-09-05 07:19:16 : INFO] - WPLANG: en_US 
[2023-09-05 07:19:16 : INFO] - Server: Apache/2.4.56 (Win64) OpenSSL/1.1.1t PHP/8.2.4 
[2023-09-05 07:19:16 : INFO] - Outbound connections: N 
[2023-09-05 07:19:17 : INFO] - Disabled Functions:  
[2023-09-05 07:19:17 : INFO] - max_execution_time: 120 
[2023-09-05 07:19:17 : INFO] - memory_limit: 512M (used: 93.8M | 96M) 
[2023-09-05 07:19:17 : INFO] - multisite: N 
[2023-09-05 07:19:17 : INFO] - openssl: OpenSSL 3.0.8 7 Feb 2023 
[2023-09-05 07:19:18 : INFO] - A total of 15 tasks of type smush found and will be processed in this iteration 
[2023-09-05 07:19:18 : DEBUG] - Lock option (updraft_lock_smush, wp_options) was created in the database 
[2023-09-05 07:19:18 : INFO] - Lock (updraft_lock_smush, wp_options) acquired after initialising the database 
[2023-09-05 07:19:18 : INFO] - Processing task with ID : 1, and type 'smush' 
[2023-09-05 07:19:18 : INFO] - Task with ID 1 and type (smush) failed with error code exceeded_max_filesize - C:\xampp\htdocs\SagarDhadkeTech/wp-content/uploads/2023/06/151849050-6b9537e3-4298-49b5-9d44-3f63455d07f0.png - cannot be optimized, file size is above service provider limit 
[2023-09-05 07:19:18 : INFO] - Processing task with ID : 2, and type 'smush' 
[2023-09-05 07:19:18 : INFO] - Re_Smush_It_Task - Attachment ID : 224, Started on : September 05, 2023 07:19:17 
[2023-09-05 07:19:18 : INFO] - File: Screenshot-57.png, Compression quality: 75 
[2023-09-05 07:19:29 : INFO] - Backing up the original image - 2023/06/Screenshot-57-updraft-pre-smush-original.png 
[2023-09-05 07:19:29 : INFO] - There were no WebP conversion tools found on your server. 
[2023-09-05 07:19:29 : INFO] - Successfully optimized the image - C:\xampp\htdocs\SagarDhadkeTech/wp-content/uploads/2023/06/Screenshot-57.png.The file was compressed from 1.85 MB to 543.01 KB, saving 71.34 percent, using WP-Optimize 
[2023-09-05 07:19:29 : INFO] - Completed processing task with ID : 2, and type 'smush' 
[2023-09-05 07:19:29 : INFO] - Processing task with ID : 3, and type 'smush' 
[2023-09-05 07:19:29 : INFO] - Re_Smush_It_Task - Attachment ID : 269, Started on : September 05, 2023 07:19:17 
[2023-09-05 07:19:29 : INFO] - File: Screenshot-1690975476.jpg, Compression quality: 75 
[2023-09-05 07:19:33 : INFO] - Backing up the original image - 2023/08/Screenshot-1690975476-updraft-pre-smush-original.jpg 
[2023-09-05 07:19:33 : INFO] - There were no WebP conversion tools found on your server. 
[2023-09-05 07:19:33 : INFO] - Successfully optimized the image - C:\xampp\htdocs\SagarDhadkeTech/wp-content/uploads/2023/08/Screenshot-1690975476.jpg.The file was compressed from 637.77 KB to 318.51 KB, saving 50.06 percent, using WP-Optimize 
[2023-09-05 07:19:33 : INFO] - Completed processing task with ID : 3, and type 'smush' 
[2023-09-05 07:19:33 : INFO] - Processing task with ID : 4, and type 'smush' 
[2023-09-05 07:19:33 : INFO] - Re_Smush_It_Task - Attachment ID : 309, Started on : September 05, 2023 07:19:17 
[2023-09-05 07:19:33 : INFO] - File: afabf7854adc663582e3d6347ac7b6c9.png, Compression quality: 75 
[2023-09-05 07:19:35 : INFO] - Backing up the original image - 2023/08/afabf7854adc663582e3d6347ac7b6c9-updraft-pre-smush-original.png 
[2023-09-05 07:19:35 : INFO] - There were no WebP conversion tools found on your server. 
[2023-09-05 07:19:35 : INFO] - Successfully optimized the image - C:\xampp\htdocs\SagarDhadkeTech/wp-content/uploads/2023/08/afabf7854adc663582e3d6347ac7b6c9.png.The file was compressed from 189.67 KB to 109.46 KB, saving 42.29 percent, using WP-Optimize 
[2023-09-05 07:19:35 : INFO] - Completed processing task with ID : 4, and type 'smush' 
[2023-09-05 07:19:35 : INFO] - Processing task with ID : 5, and type 'smush' 
[2023-09-05 07:19:35 : INFO] - Re_Smush_It_Task - Attachment ID : 310, Started on : September 05, 2023 07:19:17 
[2023-09-05 07:19:35 : INFO] - File: afabf7854adc663582e3d6347ac7b6c9-1.png, Compression quality: 75 
[2023-09-05 07:19:38 : INFO] - Backing up the original image - 2023/08/afabf7854adc663582e3d6347ac7b6c9-1-updraft-pre-smush-original.png 
[2023-09-05 07:19:38 : INFO] - There were no WebP conversion tools found on your server. 
[2023-09-05 07:19:38 : INFO] - Successfully optimized the image - C:\xampp\htdocs\SagarDhadkeTech/wp-content/uploads/2023/08/afabf7854adc663582e3d6347ac7b6c9-1.png.The file was compressed from 189.67 KB to 109.46 KB, saving 42.29 percent, using WP-Optimize 
[2023-09-05 07:19:38 : INFO] - Completed processing task with ID : 5, and type 'smush' 
[2023-09-05 07:19:38 : INFO] - Processing task with ID : 6, and type 'smush' 
[2023-09-05 07:19:38 : INFO] - Re_Smush_It_Task - Attachment ID : 314, Started on : September 05, 2023 07:19:17 
[2023-09-05 07:19:38 : INFO] - File: 184579284-ff3876cb-1708-4f76-94e2-6aae2e86e2e4.png, Compression quality: 75 
[2023-09-05 07:19:42 : INFO] - Backing up the original image - 2023/08/184579284-ff3876cb-1708-4f76-94e2-6aae2e86e2e4-updraft-pre-smush-original.png 
[2023-09-05 07:19:43 : INFO] - There were no WebP conversion tools found on your server. 
[2023-09-05 07:19:43 : INFO] - Successfully optimized the image - C:\xampp\htdocs\SagarDhadkeTech/wp-content/uploads/2023/08/184579284-ff3876cb-1708-4f76-94e2-6aae2e86e2e4.png.The file was compressed from 938.83 KB to 369.54 KB, saving 60.64 percent, using WP-Optimize 
[2023-09-05 07:19:43 : INFO] - Completed processing task with ID : 6, and type 'smush' 
[2023-09-05 07:19:43 : INFO] - Processing task with ID : 7, and type 'smush' 
[2023-09-05 07:19:43 : INFO] - Re_Smush_It_Task - Attachment ID : 318, Started on : September 05, 2023 07:19:17 
[2023-09-05 07:19:43 : INFO] - File: chrome_89Svu1U22X.png, Compression quality: 75 
[2023-09-05 07:19:44 : INFO] - Backing up the original image - 2023/08/chrome_89Svu1U22X-updraft-pre-smush-original.png 
[2023-09-05 07:19:44 : INFO] - There were no WebP conversion tools found on your server. 
[2023-09-05 07:19:44 : INFO] - Successfully optimized the image - C:\xampp\htdocs\SagarDhadkeTech/wp-content/uploads/2023/08/chrome_89Svu1U22X.png.The file was compressed from 23.84 KB to 9.45 KB, saving 60.37 percent, using WP-Optimize 
[2023-09-05 07:19:44 : INFO] - Completed processing task with ID : 7, and type 'smush' 
[2023-09-05 07:19:44 : INFO] - Processing task with ID : 8, and type 'smush' 
[2023-09-05 07:19:44 : INFO] - Re_Smush_It_Task - Attachment ID : 320, Started on : September 05, 2023 07:19:17 
[2023-09-05 07:19:44 : INFO] - File: chrome_v3VPm0Rzhv.png, Compression quality: 75 
[2023-09-05 07:19:45 : INFO] - Backing up the original image - 2023/08/chrome_v3VPm0Rzhv-updraft-pre-smush-original.png 
[2023-09-05 07:19:45 : INFO] - There were no WebP conversion tools found on your server. 
[2023-09-05 07:19:45 : INFO] - Successfully optimized the image - C:\xampp\htdocs\SagarDhadkeTech/wp-content/uploads/2023/08/chrome_v3VPm0Rzhv.png.The file was compressed from 32.35 KB to 12.77 KB, saving 60.54 percent, using WP-Optimize 
[2023-09-05 07:19:45 : INFO] - Completed processing task with ID : 8, and type 'smush' 
[2023-09-05 07:19:45 : INFO] - Processing task with ID : 9, and type 'smush' 
[2023-09-05 07:19:45 : INFO] - Re_Smush_It_Task - Attachment ID : 322, Started on : September 05, 2023 07:19:17 
[2023-09-05 07:19:45 : INFO] - File: chrome_uHgL2lftcE.png, Compression quality: 75 
[2023-09-05 07:19:46 : INFO] - Backing up the original image - 2023/08/chrome_uHgL2lftcE-updraft-pre-smush-original.png 
[2023-09-05 07:19:46 : INFO] - There were no WebP conversion tools found on your server. 
[2023-09-05 07:19:46 : INFO] - Successfully optimized the image - C:\xampp\htdocs\SagarDhadkeTech/wp-content/uploads/2023/08/chrome_uHgL2lftcE.png.The file was compressed from 21.49 KB to 11.71 KB, saving 45.51 percent, using WP-Optimize 
[2023-09-05 07:19:46 : INFO] - Completed processing task with ID : 9, and type 'smush' 
[2023-09-05 07:19:46 : INFO] - Processing task with ID : 10, and type 'smush' 
[2023-09-05 07:19:46 : INFO] - Re_Smush_It_Task - Attachment ID : 329, Started on : September 05, 2023 07:19:17 
[2023-09-05 07:19:46 : INFO] - File: screen-1.jpg, Compression quality: 75 
[2023-09-05 07:19:51 : INFO] - Backing up the original image - 2023/08/screen-1-updraft-pre-smush-original.jpg 
[2023-09-05 07:19:51 : INFO] - There were no WebP conversion tools found on your server. 
[2023-09-05 07:19:51 : INFO] - Successfully optimized the image - C:\xampp\htdocs\SagarDhadkeTech/wp-content/uploads/2023/08/screen-1.jpg.The file was compressed from 1.10 MB to 573.29 KB, saving 49.13 percent, using WP-Optimize 
[2023-09-05 07:19:51 : INFO] - Completed processing task with ID : 10, and type 'smush' 
[2023-09-05 07:19:51 : INFO] - Processing task with ID : 11, and type 'smush' 
[2023-09-05 07:19:51 : INFO] - Re_Smush_It_Task - Attachment ID : 380, Started on : September 05, 2023 07:19:18 
[2023-09-05 07:19:51 : INFO] - File: 1679127869358.jpg, Compression quality: 75 
[2023-09-05 07:19:53 : INFO] - Backing up the original image - 2023/08/1679127869358-updraft-pre-smush-original.jpg 
[2023-09-05 07:19:53 : INFO] - There were no WebP conversion tools found on your server. 
[2023-09-05 07:19:53 : INFO] - Successfully optimized the image - C:\xampp\htdocs\SagarDhadkeTech/wp-content/uploads/2023/08/1679127869358.jpg.The file was compressed from 36.14 KB to 36.12 KB, saving 0.08 percent, using WP-Optimize 
[2023-09-05 07:19:53 : INFO] - Completed processing task with ID : 11, and type 'smush' 
[2023-09-05 07:19:53 : INFO] - Processing task with ID : 12, and type 'smush' 
[2023-09-05 07:19:53 : INFO] - Re_Smush_It_Task - Attachment ID : 381, Started on : September 05, 2023 07:19:18 
[2023-09-05 07:19:53 : INFO] - File: 1689076311076.jpg, Compression quality: 75 
[2023-09-05 07:19:54 : INFO] - Backing up the original image - 2023/08/1689076311076-updraft-pre-smush-original.jpg 
[2023-09-05 07:19:54 : INFO] - There were no WebP conversion tools found on your server. 
[2023-09-05 07:19:54 : INFO] - Successfully optimized the image - C:\xampp\htdocs\SagarDhadkeTech/wp-content/uploads/2023/08/1689076311076.jpg.The file was compressed from 101.23 KB to 95.67 KB, saving 5.49 percent, using WP-Optimize 
[2023-09-05 07:19:54 : INFO] - Completed processing task with ID : 12, and type 'smush' 
[2023-09-05 07:19:54 : INFO] - Processing task with ID : 13, and type 'smush' 
[2023-09-05 07:19:54 : INFO] - Re_Smush_It_Task - Attachment ID : 388, Started on : September 05, 2023 07:19:18 
[2023-09-05 07:19:54 : INFO] - File: IMG_20230829_195036.jpg, Compression quality: 75 
[2023-09-05 07:20:16 : INFO] - Task with ID 13 and type (smush) failed with error code invalid_response - The compression apparently succeeded, but WP-Optimize could not retrieve the compressed image from the remote server. 
[2023-09-05 07:20:16 : INFO] - data: {"src":"http:\/\/par4.static.resmush.it\/b0a0bada69d1011f1625f8bd41efcad0\/_src_IMG_20230829_195036.jpg","dest":"http:\/\/par4.static.resmush.it\/b0a0bada69d1011f1625f8bd41efcad0\/IMG_20230829_195036.jpg","src_size":4333632,"dest_size":1490809,"percent":66,"output":"json","expires":"Tue, 05 Sep 2023 09:25:10 +0200","generator":"reSmush.it rev.3.0.4.20210124"} 
[2023-09-05 07:20:16 : INFO] - There were no WebP conversion tools found on your server. 
[2023-09-05 07:20:17 : INFO] - Processing task with ID : 14, and type 'smush' 
[2023-09-05 07:20:17 : INFO] - Re_Smush_It_Task - Attachment ID : 424, Started on : September 05, 2023 07:19:18 
[2023-09-05 07:20:17 : INFO] - File: Android_Development_Mentorship_Program_Completion_Certificate.jpg, Compression quality: 75 
[2023-09-05 07:20:29 : INFO] - Backing up the original image - 2023/09/Android_Development_Mentorship_Program_Completion_Certificate-updraft-pre-smush-original.jpg 
[2023-09-05 07:20:29 : INFO] - There were no WebP conversion tools found on your server. 
[2023-09-05 07:20:29 : INFO] - Successfully optimized the image - C:\xampp\htdocs\SagarDhadkeTech/wp-content/uploads/2023/09/Android_Development_Mentorship_Program_Completion_Certificate.jpg.The file was compressed from 2.21 MB to 1.27 MB, saving 42.48 percent, using WP-Optimize 
[2023-09-05 07:20:29 : INFO] - Completed processing task with ID : 14, and type 'smush' 
[2023-09-05 07:20:29 : INFO] - Processing task with ID : 15, and type 'smush' 
[2023-09-05 07:20:29 : INFO] - Re_Smush_It_Task - Attachment ID : 440, Started on : September 05, 2023 07:19:18 
[2023-09-05 07:20:29 : INFO] - File: 1673338825121-1.jpg, Compression quality: 75 
[2023-09-05 07:20:30 : INFO] - Backing up the original image - 2023/09/1673338825121-1-updraft-pre-smush-original.jpg 
[2023-09-05 07:20:30 : INFO] - There were no WebP conversion tools found on your server. 
[2023-09-05 07:20:30 : INFO] - Successfully optimized the image - C:\xampp\htdocs\SagarDhadkeTech/wp-content/uploads/2023/09/1673338825121-1.jpg.The file was compressed from 52.05 KB to 32.40 KB, saving 37.75 percent, using WP-Optimize 
[2023-09-05 07:20:30 : INFO] - Completed processing task with ID : 15, and type 'smush' 
[2023-09-05 07:20:30 : INFO] - Lock option (updraft_lock_smush, wp_options) released 
[2023-09-05 07:20:30 : INFO] - Successfully processed the queue (smush). 15 tasks were processed out of 15. 
[2023-09-05 07:20:30 : INFO] - Lock option (updraft_lock_smush, wp_options) was deleted from the database 
[2023-09-05 07:20:30 : INFO] - Cleaning up tasks of type (smush). A total of 13 tasks will be deleted. 
[2023-09-05 07:20:37 : INFO] - 
 
[2023-09-05 07:20:37 : INFO] - Header for logs at time:  Tue, 05 Sep 2023 07:20:37 +0000 on http://localhost/SagarDhadkeTech 
[2023-09-05 07:20:37 : INFO] - WP: 6.3.1 
[2023-09-05 07:20:37 : INFO] - PHP: 8.2.4 (apache2handler, Windows NT DESKTOP-6I64348 10.0 build 19045 (Windows 10) AMD64) 
[2023-09-05 07:20:37 : INFO] - MySQL: 10.4.28 
[2023-09-05 07:20:37 : INFO] - WPLANG: en_US 
[2023-09-05 07:20:37 : INFO] - Server: Apache/2.4.56 (Win64) OpenSSL/1.1.1t PHP/8.2.4 
[2023-09-05 07:20:37 : INFO] - Outbound connections: N 
[2023-09-05 07:20:37 : INFO] - Disabled Functions:  
[2023-09-05 07:20:37 : INFO] - max_execution_time: 120 
[2023-09-05 07:20:37 : INFO] - memory_limit: 512M (used: 94.1M | 96M) 
[2023-09-05 07:20:37 : INFO] - multisite: N 
[2023-09-05 07:20:37 : INFO] - openssl: OpenSSL 3.0.8 7 Feb 2023 
[2023-09-05 07:29:22 : INFO] - 
 
[2023-09-05 07:29:22 : INFO] - Header for logs at time:  Tue, 05 Sep 2023 07:29:22 +0000 on http://localhost/SagarDhadkeTech 
[2023-09-05 07:29:22 : INFO] - WP: 6.3.1 
[2023-09-05 07:29:22 : INFO] - PHP: 8.2.4 (apache2handler, Windows NT DESKTOP-6I64348 10.0 build 19045 (Windows 10) AMD64) 
[2023-09-05 07:29:22 : INFO] - MySQL: 10.4.28 
[2023-09-05 07:29:22 : INFO] - WPLANG: en_US 
[2023-09-05 07:29:22 : INFO] - Server: Apache/2.4.56 (Win64) OpenSSL/1.1.1t PHP/8.2.4 
[2023-09-05 07:29:22 : INFO] - Outbound connections: N 
[2023-09-05 07:29:22 : INFO] - Disabled Functions:  
[2023-09-05 07:29:22 : INFO] - max_execution_time: 120 
[2023-09-05 07:29:22 : INFO] - memory_limit: 512M (used: 89.1M | 96M) 
[2023-09-05 07:29:22 : INFO] - multisite: N 
[2023-09-05 07:29:22 : INFO] - openssl: OpenSSL 3.0.8 7 Feb 2023 
